  main.cpp
D:\1програмирование\__PROJECTS\VISUALSTUDIOPROJ\mz_th_import_runtime_fixer\mz_th_import_runtime_fixer\common\XMemory.h(108,32): warning C4390: ";": обнаружен пустой контролируемый оператор; это правильно?
D:\1програмирование\__PROJECTS\VISUALSTUDIOPROJ\mz_th_import_runtime_fixer\mz_th_import_runtime_fixer\main.cpp(136,12): warning C4477: "printf": в строке форматирования "%p" требуется аргумент типа "void *", но вариативный аргумент "2" имеет тип "uintptr_t"
D:\1програмирование\__PROJECTS\VISUALSTUDIOPROJ\mz_th_import_runtime_fixer\mz_th_import_runtime_fixer\main.cpp(353,16): warning C4477: "printf": в строке форматирования "%p" требуется аргумент типа "void *", но вариативный аргумент "4" имеет тип "uintptr_t"
D:\1програмирование\__PROJECTS\VISUALSTUDIOPROJ\mz_th_import_runtime_fixer\mz_th_import_runtime_fixer\main.cpp(378,20): warning C4477: "printf": в строке форматирования "%p" требуется аргумент типа "void *", но вариативный аргумент "3" имеет тип "int"
D:\1програмирование\__PROJECTS\VISUALSTUDIOPROJ\mz_th_import_runtime_fixer\mz_th_import_runtime_fixer\main.cpp(390,20): warning C4477: "printf": в строке форматирования "%X" требуется аргумент типа "unsigned int", но вариативный аргумент "1" имеет тип "void *"
D:\1програмирование\__PROJECTS\VISUALSTUDIOPROJ\mz_th_import_runtime_fixer\mz_th_import_runtime_fixer\main.cpp(515,39): warning C4477: "sprintf_s": в строке форматирования "%p" требуется аргумент типа "void *", но вариативный аргумент "1" имеет тип "uintptr_t"
D:\1програмирование\__PROJECTS\VISUALSTUDIOPROJ\mz_th_import_runtime_fixer\mz_th_import_runtime_fixer\common\XMemory.h(66,30): warning C4390: ";": обнаружен пустой контролируемый оператор; это правильно?
D:\1програмирование\__PROJECTS\VISUALSTUDIOPROJ\mz_th_import_runtime_fixer\mz_th_import_runtime_fixer\common\XMemory.h(110): message : выполняется компиляция ссылки на экземпляр шаблон функции "void *Write<unsigned char>(void *,T,int)"
          with
          [
              T=unsigned char
          ]
D:\1програмирование\__PROJECTS\VISUALSTUDIOPROJ\mz_th_import_runtime_fixer\mz_th_import_runtime_fixer\common\XMemory.h(72,47): warning C4390: ";": обнаружен пустой контролируемый оператор; это правильно?
  Создание кода
  26 of 799 functions ( 3.3%) were compiled, the rest were copied from previous compilation.
    0 functions were new in current compilation
    91 functions had inline decision re-evaluated but remain unchanged
  Создание кода завершено
  mz_th_import_runtime_fixer.vcxproj -> D:\1програмирование\__PROJECTS\VISUALSTUDIOPROJ\mz_th_import_runtime_fixer\Release\mz_th_import_runtime_fixer.dll
